[    1705ms] [INFO] %cDownload the React DevTools for a better development experience: https://react.dev/link/react-devtools font-weight:bold @ http://localhost:3000/_next/static/chunks/node_modules_%40sentry_core_build_esm_d29db0d6._.js:10088
[    1769ms] [LOG] [HMR] connected @ http://localhost:3000/_next/static/chunks/node_modules_%40sentry_core_build_esm_d29db0d6._.js:10088
[    7415ms] [ERROR] Failed to load resource: the server responded with a status of 401 (Unauthorized) @ http://localhost:3000/api/categories:0
[    7416ms] [ERROR] Failed to load resource: the server responded with a status of 401 (Unauthorized) @ http://localhost:3000/api/categories:0
[   14850ms] [ERROR] Failed to load resource: the server responded with a status of 401 (Unauthorized) @ http://localhost:3000/api/categories:0
[   14851ms] [ERROR] Failed to load resource: the server responded with a status of 401 (Unauthorized) @ http://localhost:3000/api/categories:0
[   18819ms] [VERBOSE] [DOM] Password field is not contained in a form: (More info: https://goo.gl/9p2vKq) %o @ https://accounts.google.com/v3/signin/identifier?opparams=%253F&dsh=S1881748630%3A1775984037760968&client_id=488847748918-4v2om650o7sdhgntbe49k19jb9j5153c.apps.googleusercontent.com&code_challenge=oL2th8rJMqSmFy72o8OIANr6RYD0HY55mjGtGbv1zdw&code_challenge_method=S256&o2v=2&prompt=select_account&redirect_uri=http%3A%2F%2Flocalhost%3A3000%2Fapi%2Fauth%2Fcallback%2Fgoogle&response_type=code&scope=openid+email+profile&service=lso&state=5MG_CLEr6RHVBVd59cr0oalO2BY1B2ky_XLTDjydrXI&flowName=GeneralOAuthFlow&continue=https%3A%2F%2Faccounts.google.com%2Fsignin%2Foauth%2Fconsent%3Fauthuser%3Dunknown%26part%3DAJi8hANISaHR_pHr2OaD_8u0hGhCeyoXbIuzaPhHyJfRpXmQA_DBEZPh822eWd4HSjjdch5fiqwOpwPGGcFiD2W9kbQAvqf08XzrQmwAndIRY0zySGD1WXZm-ZpGu9TKPOwPABbk8wQs1rdBPB8MrncaypAe0TK_8oo5wHa-dzOw183Fu4mAku_hYnGH2nPQwuVcYXCtAxIhN9d_d5BRkD9HY_fmBpP42MSs6iw9JXTrt0ljqvn2QA5-hY-oQ_7FgNoqO--wLW4t0AXM_fJcQAaXi0RsgaHvoddcT1zNSHL4VoJPBYuHeY8v26_QlDeMHJv9oA1zM3g-syxNpeJ77__891_oIwmFfr0vp1KKWgh-0mTcYdr_KK2Qnlls3LCBRYN0dzUb86I_pjnm1u9t338WQbWjShwyzYgFDaknsv_HPzE0B1oOxa6WNdS_Y9zmNNC0IP7JSO3wey7MbxDKGbDwWaBYUS83wA%26flowName%3DGeneralOAuthFlow%26as%3DS1881748630%253A1775984037760968%26client_id%3D488847748918-4v2om650o7sdhgntbe49k19jb9j5153c.apps.googleusercontent.com%26requestPath%3D%252Fsignin%252Foauth%252Fconsent%23&app_domain=http%3A%2F%2Flocalhost%3A3000&rart=ANgoxceSQr5yQgmHZZZ55AEEbiOcOeRZsXadtoHuDPiGDaKyVip9EK6zywnp6xVpyjkEIGbcQl_dPF4wLraJhOllyd0WJnrF8I8hd7_b6BRcJBCljj1RSHA:0
[   18823ms] [LOG] %c%s color: red; background: yellow; font-size: 24px; WARNING! @ https://www.gstatic.com/_/mss/boq-identity/_/js/k=boq-identity.AccountsSignInUi.en_US.llpEXSAT6Ik.es5.O/am=Kf8GAABCEUgGwP__nzMAIACCaOB6FoAmEBkAAAAAAAAAALBAAAAaAQ/d=1/excm=_b,_tp,identifierview/ed=1/dg=0/wt=2/ujg=1/rs=AOaEmlGWsj7q67-DQMfM5MSDNCMCYuYuLw/dti=1/m=_b,_tp:468
[   18823ms] [LOG] %c%s font-size: 18px; Using this console may allow attackers to impersonate you and steal your information using an attack called Self-XSS.
Do not enter or paste code that you do not understand. @ https://www.gstatic.com/_/mss/boq-identity/_/js/k=boq-identity.AccountsSignInUi.en_US.llpEXSAT6Ik.es5.O/am=Kf8GAABCEUgGwP__nzMAIACCaOB6FoAmEBkAAAAAAAAAALBAAAAaAQ/d=1/excm=_b,_tp,identifierview/ed=1/dg=0/wt=2/ujg=1/rs=AOaEmlGWsj7q67-DQMfM5MSDNCMCYuYuLw/dti=1/m=_b,_tp:468
[   21966ms] [INFO] %cDownload the React DevTools for a better development experience: https://react.dev/link/react-devtools font-weight:bold @ http://localhost:3000/_next/static/chunks/node_modules_%40sentry_core_build_esm_d29db0d6._.js:10088
[   22029ms] [LOG] [HMR] connected @ http://localhost:3000/_next/static/chunks/node_modules_%40sentry_core_build_esm_d29db0d6._.js:10088
[   37492ms] [ERROR] Failed to load resource: the server responded with a status of 404 (Not Found) @ http://localhost:3000/api/expenses/monthly-report?yearMonth=2026-04:0
[   37545ms] [ERROR] Failed to load resource: the server responded with a status of 404 (Not Found) @ http://localhost:3000/api/expenses/monthly-report?yearMonth=2026-04:0
[   38603ms] [INFO] %cDownload the React DevTools for a better development experience: https://react.dev/link/react-devtools font-weight:bold @ http://localhost:3000/_next/static/chunks/node_modules_%40sentry_core_build_esm_d29db0d6._.js:10088
[   38618ms] [LOG] [HMR] connected @ http://localhost:3000/_next/static/chunks/node_modules_%40sentry_core_build_esm_d29db0d6._.js:10088
[   38671ms] [ERROR] Failed to load resource: the server responded with a status of 401 (Unauthorized) @ http://localhost:3000/api/categories:0
[   40834ms] [INFO] %cDownload the React DevTools for a better development experience: https://react.dev/link/react-devtools font-weight:bold @ http://localhost:3000/_next/static/chunks/node_modules_%40sentry_core_build_esm_d29db0d6._.js:10088
[   40847ms] [LOG] [HMR] connected @ http://localhost:3000/_next/static/chunks/node_modules_%40sentry_core_build_esm_d29db0d6._.js:10088
[   46232ms] [ERROR] Failed to load resource: the server responded with a status of 404 (Not Found) @ http://localhost:3000/api/expenses/monthly-report?yearMonth=2026-04:0
[   46285ms] [ERROR] Failed to load resource: the server responded with a status of 404 (Not Found) @ http://localhost:3000/api/expenses/monthly-report?yearMonth=2026-04:0
